A51 MACRO ASSEMBLER  EX2                                                                  08/18/2017 19:28:30 PAGE     1


MACRO ASSEMBLER A51 V8.02c
OBJECT MODULE PLACED IN .\Objects\ex2.obj
ASSEMBLER INVOKED BY: C:\Keil_v5\C51\BIN\A51.EXE ex2.a51 SET(SMALL) DEBUG PRINT(.\Listings\ex2.lst) OBJECT(.\Objects\ex2
                      .obj) EP

LOC  OBJ            LINE     SOURCE

                       1     ;objetivo: realizar multiplicacoes
                       2     ; multiplicar 2 por 3 e armazenar o resultado em R1
                       3     
0000                   4     ORG 0000h
                       5             
0000 7402              6             MOV A, #2h      ;carrega o acc com 2
0002 75F003            7             MOV B, #3h      ;carrega o B com 3
0005 A4                8             MUL AB          ;realiza aoperação de multiplicacao
0006 F9                9             MOV R1, A       ;copia o resultado da multiplicaçao dos LSB para o R1
                      10     
0007 80FE             11             SJMP $          ;fica aqui pra sempre
                      12             
                      13     END
A51 MACRO ASSEMBLER  EX2                                                                  08/18/2017 19:28:30 PAGE     2

SYMBOL TABLE LISTING
------ ----- -------


N A M E             T Y P E  V A L U E   ATTRIBUTES

B. . . . . . . . .  D ADDR   00F0H   A   


REGISTER BANK(S) USED: 0 


ASSEMBLY COMPLETE.  0 WARNING(S), 0 ERROR(S)
