A51 MACRO ASSEMBLER  EX4                                                                  08/18/2017 20:30:37 PAGE     1


MACRO ASSEMBLER A51 V8.02c
OBJECT MODULE PLACED IN .\Objects\ex4.obj
ASSEMBLER INVOKED BY: C:\Keil_v5\C51\BIN\A51.EXE ex4.a51 SET(SMALL) DEBUG PRINT(.\Listings\ex4.lst) OBJECT(.\Objects\ex4
                      .obj) EP

LOC  OBJ            LINE     SOURCE

                       1     ;R0 -> guarda a entrada
                       2     ;R1 -> guarda a saida
0000                   3     ORG 0000h
                       4             
                       5             ;resolver fatorial de 4
0000                   6     inicio:
0000 7904              7             MOV R1, #4
0002 E9                8             MOV A, R1
                       9             
0003                  10     fat:
0003 19               11             DEC R1
0004 89F0             12             MOV B, R1
0006 A4               13             MUL AB
                      14             ;compara R1 com 1
                      15             ;e pula se ainda nao for igual 1
0007 B901F9           16             CJNE R1, #1, fat
000A F8               17             MOV R0, A
                      18             
000B 00               19             NOP
                      20             
                      21     END
A51 MACRO ASSEMBLER  EX4                                                                  08/18/2017 20:30:37 PAGE     2

SYMBOL TABLE LISTING
------ ----- -------


N A M E             T Y P E  V A L U E   ATTRIBUTES

B. . . . . . . . .  D ADDR   00F0H   A   
FAT. . . . . . . .  C ADDR   0003H   A   
INICIO . . . . . .  C ADDR   0000H   A   


REGISTER BANK(S) USED: 0 


ASSEMBLY COMPLETE.  0 WARNING(S), 0 ERROR(S)
