C51 COMPILER V9.56.0.0   LCD                                                               12/07/2017 15:31:00 PAGE 1   


C51 COMPILER V9.56.0.0, COMPILATION OF MODULE LCD
OBJECT MODULE PLACED IN .\Objects\LCD.obj
COMPILER INVOKED BY: D:\Program Files\Keil\C51\BIN\C51.EXE LCD.c OPTIMIZE(8,SPEED) BROWSE PRINT(.\Listings\LCD.lst) TABS
                    -(6) OBJECT(.\Objects\LCD.obj)

line level    source

   1          #include "LCD.h"
   2          #include <string.h>
   3          
   4          void LCD(){
   5   1            LCDinst(0x30);
   6   1            LCDinst(0x30);
   7   1            LCDinst(0x30);
   8   1            
   9   1            LCDinst(0x38);
  10   1            
  11   1            LCDinst(0x0C);
  12   1            
  13   1            LCDinst(0x02);
  14   1            
  15   1            LCDinst(0x01);
  16   1      }
  17          
  18          void LCDbusy(){
  19   1            LCD_RS = 0;
  20   1            LCD_RW = 1;
  21   1            LCD_BUSY = 1;
  22   1            
  23   1            while(LCD_BUSY){
  24   2                  LCD_EN = 1;
  25   2                  if(!LCD_BUSY)
  26   2                        break;
  27   2                  LCD_EN = 0;
  28   2            }
  29   1            LCD_RW = 0;
  30   1      }
  31          
  32          void LCDinst(unsigned char inst){
  33   1            LCDbusy();
  34   1            LCD_RS = 0;
  35   1            LCD_EN = 1;
  36   1            
  37   1            LCD_DATA = inst;
  38   1            LCD_EN = 0;
  39   1      }
  40          
  41          void LCDposi(unsigned char posi){
  42   1            LCDbusy();
  43   1            LCD_RS = 0;
  44   1            LCD_RW = 0;
  45   1            LCD_EN = 1;
  46   1            
  47   1            LCD_DATA = posi;
  48   1            LCD_EN = 0;
  49   1      }
  50          
  51          void LCDdata(unsigned char c){
  52   1            LCDbusy();
  53   1            LCD_RS = 1;
  54   1            LCD_RW = 0;
C51 COMPILER V9.56.0.0   LCD                                                               12/07/2017 15:31:00 PAGE 2   

  55   1            LCD_EN = 1;
  56   1            
  57   1            LCD_DATA = c;
  58   1            LCD_EN = 0;
  59   1      }
  60          
  61          void LCDwrite(unsigned char text[], unsigned char posi){
  62   1            int i;
  63   1            LCDposi(posi);
  64   1            
  65   1            for(i = 0; i < strlen(text); i++){
  66   2                  if(text[i] != NULL) LCDdata(text[i]);
  67   2                  else break;
  68   2            }
  69   1      }


MODULE INFORMATION:   STATIC OVERLAYABLE
   CODE SIZE        =    162    ----
   CONSTANT SIZE    =   ----    ----
   XDATA SIZE       =   ----    ----
   PDATA SIZE       =   ----    ----
   DATA SIZE        =   ----       5
   IDATA SIZE       =   ----    ----
   BIT SIZE         =   ----    ----
END OF MODULE INFORMATION.


C51 COMPILATION COMPLETE.  0 WARNING(S),  0 ERROR(S)
