C51 COMPILER V9.56.0.0   RTC                                                               12/07/2017 15:31:00 PAGE 1   


C51 COMPILER V9.56.0.0, COMPILATION OF MODULE RTC
OBJECT MODULE PLACED IN .\Objects\rtc.obj
COMPILER INVOKED BY: D:\Program Files\Keil\C51\BIN\C51.EXE rtc.c OPTIMIZE(8,SPEED) BROWSE PRINT(.\Listings\rtc.lst) TABS
                    -(6) OBJECT(.\Objects\rtc.obj)

line level    source

   1          #include "rtc.h"
   2          //#include "delay.h"
   3          unsigned int temp =0;
   4          
   5          
   6          void DELAY_RTC(long int k) {
   7   1            temp=0;
   8   1            while(temp<0xFF){temp++;k=temp;}
   9   1      }
  10          
  11          
  12          void I2CStart() {
  13   1        SCL = 0;
  14   1        SDA = 1;
  15   1        DELAY_RTC(1);
  16   1        SCL = 1;
  17   1        DELAY_RTC(1);
  18   1        SDA = 0;
  19   1        DELAY_RTC(1);
  20   1        SCL = 0;
  21   1      }
  22          
  23          void I2CStop() {
  24   1        SCL = 0;
  25   1        DELAY_RTC(1);
  26   1        SDA = 0;
  27   1        DELAY_RTC(1);
  28   1        SCL = 1;
  29   1        DELAY_RTC(1);
  30   1        SDA = 1;
  31   1      }
  32          
  33          void I2CAck() {
  34   1        SDA = 0;
  35   1        DELAY_RTC(1);
  36   1        SCL = 1;
  37   1        DELAY_RTC(1);
  38   1        SCL = 0;
  39   1        SDA = 1;
  40   1      }
  41          
  42          void I2CNak() {
  43   1        SDA = 1;
  44   1        DELAY_RTC(1);
  45   1        SCL = 1;
  46   1        DELAY_RTC(1);
  47   1        SCL = 0;
  48   1        SDA = 1;
  49   1      }
  50          
  51          void I2CSend(unsigned char Data) {
  52   1        unsigned char i;
  53   1        for (i = 0; i < 8; i++) {
  54   2      
C51 COMPILER V9.56.0.0   RTC                                                               12/07/2017 15:31:00 PAGE 2   

  55   2          SDA = Data & 0x80;
  56   2          SCL = 1;
  57   2          SCL = 0;
  58   2          Data <<= 1;
  59   2        }
  60   1        I2CAck();
  61   1      }
  62          
  63          unsigned char I2CRead() {
  64   1        unsigned char i, Data = 0;
  65   1        for (i = 0; i < 8; i++) {
  66   2          SCL = 1;
  67   2          Data |= SDA;
  68   2          if (i < 7)
  69   2            Data <<= 1;
  70   2          SCL = 0;
  71   2        }
  72   1        return Data;
  73   1      }


MODULE INFORMATION:   STATIC OVERLAYABLE
   CODE SIZE        =    149    ----
   CONSTANT SIZE    =   ----    ----
   XDATA SIZE       =   ----    ----
   PDATA SIZE       =   ----    ----
   DATA SIZE        =      2    ----
   IDATA SIZE       =   ----    ----
   BIT SIZE         =   ----    ----
END OF MODULE INFORMATION.


C51 COMPILATION COMPLETE.  0 WARNING(S),  0 ERROR(S)
